0 verbose cli /usr/local/bin/node /usr/local/bin/npm
1 info using npm@10.8.2
2 info using node@v20.19.5
3 silly config load:file:/usr/local/lib/node_modules/npm/npmrc
4 silly config load:file:/data/.npmrc
5 silly config load:file:/usr/src/node-red/.npmrc
6 silly config load:file:/usr/local/etc/npmrc
7 verbose title npm install node-red-node-openweathermap@1.0.1
8 verbose argv "install" "--no-audit" "--no-update-notifier" "--no-fund" "--save" "--save-prefix" "~" "--omit" "dev" "--engine-strict" "node-red-node-openweathermap@1.0.1"
9 verbose logfile logs-max:10 dir:/data/.npm/_logs/2025-12-10T16_01_32_490Z-
10 verbose logfile /data/.npm/_logs/2025-12-10T16_01_32_490Z-debug-0.log
11 silly packumentCache heap:2197815296 maxSize:549453824 maxEntrySize:274726912
12 silly logfile done cleaning log files
13 silly idealTree buildDeps
14 silly fetch manifest node-red-node-openweathermap@1.0.1
15 silly packumentCache full:https://registry.npmjs.org/node-red-node-openweathermap cache-miss
16 http fetch GET 200 https://registry.npmjs.org/node-red-node-openweathermap 828ms (cache miss)
17 silly packumentCache full:https://registry.npmjs.org/node-red-node-openweathermap set size:undefined disposed:false
18 silly placeDep ROOT node-red-node-openweathermap@1.0.1 OK for: node-red-project@0.0.1 want: 1.0.1
19 silly fetch manifest request@~2.88.2
20 silly packumentCache full:https://registry.npmjs.org/request cache-miss
21 http fetch GET 200 https://registry.npmjs.org/request 61ms (cache miss)
22 silly packumentCache full:https://registry.npmjs.org/request set size:undefined disposed:false
23 silly placeDep ROOT request@2.88.2 OK for: node-red-node-openweathermap@1.0.1 want: ~2.88.2
24 silly fetch manifest qs@~6.5.2
25 silly packumentCache full:https://registry.npmjs.org/qs cache-miss
26 silly fetch manifest aws4@^1.8.0
27 silly packumentCache full:https://registry.npmjs.org/aws4 cache-miss
28 silly fetch manifest uuid@^3.3.2
29 silly packumentCache full:https://registry.npmjs.org/uuid cache-miss
30 silly fetch manifest extend@~3.0.2
31 silly packumentCache full:https://registry.npmjs.org/extend cache-miss
32 silly fetch manifest caseless@~0.12.0
33 silly packumentCache full:https://registry.npmjs.org/caseless cache-miss
34 silly fetch manifest isstream@~0.1.2
35 silly packumentCache full:https://registry.npmjs.org/isstream cache-miss
36 silly fetch manifest aws-sign2@~0.7.0
37 silly packumentCache full:https://registry.npmjs.org/aws-sign2 cache-miss
38 silly fetch manifest form-data@~2.3.2
39 silly packumentCache full:https://registry.npmjs.org/form-data cache-miss
40 silly fetch manifest mime-types@~2.1.19
41 silly packumentCache full:https://registry.npmjs.org/mime-types cache-miss
42 silly fetch manifest oauth-sign@~0.9.0
43 silly packumentCache full:https://registry.npmjs.org/oauth-sign cache-miss
44 silly fetch manifest safe-buffer@^5.1.2
45 silly packumentCache full:https://registry.npmjs.org/safe-buffer cache-miss
46 silly fetch manifest tough-cookie@~2.5.0
47 silly packumentCache full:https://registry.npmjs.org/tough-cookie cache-miss
48 silly fetch manifest tunnel-agent@^0.6.0
49 silly packumentCache full:https://registry.npmjs.org/tunnel-agent cache-miss
50 http fetch GET 200 https://registry.npmjs.org/qs 55ms (cache miss)
51 silly packumentCache full:https://registry.npmjs.org/qs set size:undefined disposed:false
52 silly fetch manifest forever-agent@~0.6.1
53 silly packumentCache full:https://registry.npmjs.org/forever-agent cache-miss
54 http fetch GET 200 https://registry.npmjs.org/isstream 70ms (cache miss)
55 silly packumentCache full:https://registry.npmjs.org/isstream set size:undefined disposed:false
56 silly fetch manifest har-validator@~5.1.3
57 silly packumentCache full:https://registry.npmjs.org/har-validator cache-miss
58 http fetch GET 200 https://registry.npmjs.org/extend 72ms (cache miss)
59 silly packumentCache full:https://registry.npmjs.org/extend set size:undefined disposed:false
60 silly fetch manifest is-typedarray@~1.0.0
61 silly packumentCache full:https://registry.npmjs.org/is-typedarray cache-miss
62 http fetch GET 200 https://registry.npmjs.org/caseless 91ms (cache miss)
63 silly packumentCache full:https://registry.npmjs.org/caseless set size:undefined disposed:false
64 silly fetch manifest http-signature@~1.2.0
65 silly packumentCache full:https://registry.npmjs.org/http-signature cache-miss
66 http fetch GET 200 https://registry.npmjs.org/tunnel-agent 89ms (cache miss)
67 silly packumentCache full:https://registry.npmjs.org/tunnel-agent set size:undefined disposed:false
68 silly fetch manifest combined-stream@~1.0.6
69 silly packumentCache full:https://registry.npmjs.org/combined-stream cache-miss
70 http fetch GET 200 https://registry.npmjs.org/oauth-sign 91ms (cache miss)
71 silly packumentCache full:https://registry.npmjs.org/oauth-sign set size:undefined disposed:false
72 silly fetch manifest performance-now@^2.1.0
73 silly packumentCache full:https://registry.npmjs.org/performance-now cache-miss
74 http fetch GET 200 https://registry.npmjs.org/aws-sign2 96ms (cache miss)
75 silly packumentCache full:https://registry.npmjs.org/aws-sign2 set size:undefined disposed:false
76 silly fetch manifest json-stringify-safe@~5.0.1
77 silly packumentCache full:https://registry.npmjs.org/json-stringify-safe cache-miss
78 http fetch GET 200 https://registry.npmjs.org/safe-buffer 97ms (cache miss)
79 silly packumentCache full:https://registry.npmjs.org/safe-buffer set size:undefined disposed:false
80 http fetch GET 200 https://registry.npmjs.org/aws4 103ms (cache miss)
81 silly packumentCache full:https://registry.npmjs.org/aws4 set size:undefined disposed:false
82 http fetch GET 200 https://registry.npmjs.org/form-data 102ms (cache miss)
83 silly packumentCache full:https://registry.npmjs.org/form-data set size:undefined disposed:false
84 http fetch GET 200 https://registry.npmjs.org/forever-agent 49ms (cache miss)
85 silly packumentCache full:https://registry.npmjs.org/forever-agent set size:undefined disposed:false
86 http fetch GET 200 https://registry.npmjs.org/mime-types 105ms (cache miss)
87 silly packumentCache full:https://registry.npmjs.org/mime-types set size:undefined disposed:false
88 http fetch GET 200 https://registry.npmjs.org/tough-cookie 105ms (cache miss)
89 silly packumentCache full:https://registry.npmjs.org/tough-cookie set size:undefined disposed:false
90 http fetch GET 200 https://registry.npmjs.org/uuid 110ms (cache miss)
91 silly packumentCache full:https://registry.npmjs.org/uuid set size:undefined disposed:false
92 http fetch GET 200 https://registry.npmjs.org/har-validator 42ms (cache miss)
93 silly packumentCache full:https://registry.npmjs.org/har-validator set size:undefined disposed:false
94 http fetch GET 200 https://registry.npmjs.org/is-typedarray 43ms (cache miss)
95 silly packumentCache full:https://registry.npmjs.org/is-typedarray set size:undefined disposed:false
96 http fetch GET 200 https://registry.npmjs.org/json-stringify-safe 23ms (cache miss)
97 silly packumentCache full:https://registry.npmjs.org/json-stringify-safe set size:undefined disposed:false
98 http fetch GET 200 https://registry.npmjs.org/http-signature 31ms (cache miss)
99 silly packumentCache full:https://registry.npmjs.org/http-signature set size:undefined disposed:false
100 http fetch GET 200 https://registry.npmjs.org/performance-now 34ms (cache miss)
101 silly packumentCache full:https://registry.npmjs.org/performance-now set size:undefined disposed:false
102 http fetch GET 200 https://registry.npmjs.org/combined-stream 37ms (cache miss)
103 silly packumentCache full:https://registry.npmjs.org/combined-stream set size:undefined disposed:false
104 silly placeDep ROOT aws-sign2@0.7.0 OK for: request@2.88.2 want: ~0.7.0
105 silly placeDep ROOT aws4@1.13.2 OK for: request@2.88.2 want: ^1.8.0
106 silly placeDep ROOT caseless@0.12.0 OK for: request@2.88.2 want: ~0.12.0
107 silly placeDep ROOT combined-stream@1.0.8 OK for: request@2.88.2 want: ~1.0.6
108 silly placeDep ROOT extend@3.0.2 OK for: request@2.88.2 want: ~3.0.2
109 silly placeDep ROOT forever-agent@0.6.1 OK for: request@2.88.2 want: ~0.6.1
110 silly placeDep ROOT form-data@2.3.3 OK for: request@2.88.2 want: ~2.3.2
111 silly placeDep ROOT har-validator@5.1.5 OK for: request@2.88.2 want: ~5.1.3
112 silly placeDep ROOT http-signature@1.2.0 OK for: request@2.88.2 want: ~1.2.0
113 silly placeDep ROOT is-typedarray@1.0.0 OK for: request@2.88.2 want: ~1.0.0
114 silly placeDep ROOT isstream@0.1.2 OK for: request@2.88.2 want: ~0.1.2
115 silly placeDep ROOT json-stringify-safe@5.0.1 OK for: request@2.88.2 want: ~5.0.1
116 silly placeDep ROOT mime-types@2.1.35 OK for: request@2.88.2 want: ~2.1.19
117 silly placeDep ROOT oauth-sign@0.9.0 OK for: request@2.88.2 want: ~0.9.0
118 silly placeDep ROOT performance-now@2.1.0 OK for: request@2.88.2 want: ^2.1.0
119 silly placeDep ROOT qs@6.5.3 OK for: request@2.88.2 want: ~6.5.2
120 silly placeDep ROOT safe-buffer@5.2.1 OK for: request@2.88.2 want: ^5.1.2
121 silly placeDep ROOT tough-cookie@2.5.0 OK for: request@2.88.2 want: ~2.5.0
122 silly placeDep ROOT tunnel-agent@0.6.0 OK for: request@2.88.2 want: ^0.6.0
123 silly placeDep ROOT uuid@3.4.0 OK for: request@2.88.2 want: ^3.3.2
124 silly fetch manifest delayed-stream@~1.0.0
125 silly packumentCache full:https://registry.npmjs.org/delayed-stream cache-miss
126 silly fetch manifest asynckit@^0.4.0
127 silly packumentCache full:https://registry.npmjs.org/asynckit cache-miss
128 silly fetch manifest mime-types@^2.1.12
129 silly packumentCache full:https://registry.npmjs.org/mime-types cache-miss
130 silly fetch manifest ajv@^6.12.3
131 silly packumentCache full:https://registry.npmjs.org/ajv cache-miss
132 silly fetch manifest har-schema@^2.0.0
133 silly packumentCache full:https://registry.npmjs.org/har-schema cache-miss
134 silly fetch manifest sshpk@^1.7.0
135 silly packumentCache full:https://registry.npmjs.org/sshpk cache-miss
136 silly fetch manifest jsprim@^1.2.2
137 silly packumentCache full:https://registry.npmjs.org/jsprim cache-miss
138 silly fetch manifest assert-plus@^1.0.0
139 silly packumentCache full:https://registry.npmjs.org/assert-plus cache-miss
140 silly fetch manifest mime-db@1.52.0
141 silly packumentCache full:https://registry.npmjs.org/mime-db cache-miss
142 silly fetch manifest psl@^1.1.28
143 silly packumentCache full:https://registry.npmjs.org/psl cache-miss
144 silly fetch manifest punycode@^2.1.1
145 silly packumentCache full:https://registry.npmjs.org/punycode cache-miss
146 http fetch GET 200 https://registry.npmjs.org/mime-types 9ms (cache hit)
147 silly packumentCache full:https://registry.npmjs.org/mime-types set size:139110 disposed:false
148 http fetch GET 200 https://registry.npmjs.org/har-schema 42ms (cache miss)
149 silly packumentCache full:https://registry.npmjs.org/har-schema set size:undefined disposed:false
150 http fetch GET 200 https://registry.npmjs.org/jsprim 45ms (cache miss)
151 silly packumentCache full:https://registry.npmjs.org/jsprim set size:undefined disposed:false
152 http fetch GET 200 https://registry.npmjs.org/assert-plus 46ms (cache miss)
153 silly packumentCache full:https://registry.npmjs.org/assert-plus set size:undefined disposed:false
154 http fetch GET 200 https://registry.npmjs.org/asynckit 47ms (cache miss)
155 silly packumentCache full:https://registry.npmjs.org/asynckit set size:undefined disposed:false
156 http fetch GET 200 https://registry.npmjs.org/sshpk 49ms (cache miss)
157 silly packumentCache full:https://registry.npmjs.org/sshpk set size:undefined disposed:false
158 http fetch GET 200 https://registry.npmjs.org/delayed-stream 52ms (cache miss)
159 silly packumentCache full:https://registry.npmjs.org/delayed-stream set size:undefined disposed:false
160 http fetch GET 200 https://registry.npmjs.org/mime-db 53ms (cache miss)
161 silly packumentCache full:https://registry.npmjs.org/mime-db set size:undefined disposed:false
162 http fetch GET 200 https://registry.npmjs.org/punycode 54ms (cache miss)
163 silly packumentCache full:https://registry.npmjs.org/punycode set size:undefined disposed:false
164 http fetch GET 200 https://registry.npmjs.org/psl 56ms (cache miss)
165 silly packumentCache full:https://registry.npmjs.org/psl set size:undefined disposed:false
166 http fetch GET 200 https://registry.npmjs.org/ajv 63ms (cache miss)
167 silly packumentCache full:https://registry.npmjs.org/ajv set size:undefined disposed:false
168 silly placeDep ROOT delayed-stream@1.0.0 OK for: combined-stream@1.0.8 want: ~1.0.0
169 silly placeDep ROOT asynckit@0.4.0 OK for: form-data@2.3.3 want: ^0.4.0
170 silly placeDep ROOT ajv@6.12.6 OK for: har-validator@5.1.5 want: ^6.12.3
171 silly placeDep ROOT har-schema@2.0.0 OK for: har-validator@5.1.5 want: ^2.0.0
172 silly fetch manifest uri-js@^4.2.2
173 silly packumentCache full:https://registry.npmjs.org/uri-js cache-miss
174 silly fetch manifest fast-deep-equal@^3.1.1
175 silly packumentCache full:https://registry.npmjs.org/fast-deep-equal cache-miss
176 silly fetch manifest json-schema-traverse@^0.4.1
177 silly packumentCache full:https://registry.npmjs.org/json-schema-traverse cache-miss
178 silly fetch manifest fast-json-stable-stringify@^2.0.0
179 silly packumentCache full:https://registry.npmjs.org/fast-json-stable-stringify cache-miss
180 http fetch GET 200 https://registry.npmjs.org/uri-js 32ms (cache miss)
181 silly packumentCache full:https://registry.npmjs.org/uri-js set size:undefined disposed:false
182 http fetch GET 200 https://registry.npmjs.org/json-schema-traverse 33ms (cache miss)
183 silly packumentCache full:https://registry.npmjs.org/json-schema-traverse set size:undefined disposed:false
184 http fetch GET 200 https://registry.npmjs.org/fast-json-stable-stringify 36ms (cache miss)
185 silly packumentCache full:https://registry.npmjs.org/fast-json-stable-stringify set size:undefined disposed:false
186 http fetch GET 200 https://registry.npmjs.org/fast-deep-equal 51ms (cache miss)
187 silly packumentCache full:https://registry.npmjs.org/fast-deep-equal set size:undefined disposed:false
188 silly placeDep ROOT fast-deep-equal@3.1.3 OK for: ajv@6.12.6 want: ^3.1.1
189 silly placeDep ROOT fast-json-stable-stringify@2.1.0 OK for: ajv@6.12.6 want: ^2.0.0
190 silly placeDep ROOT json-schema-traverse@0.4.1 OK for: ajv@6.12.6 want: ^0.4.1
191 silly placeDep ROOT uri-js@4.4.1 OK for: ajv@6.12.6 want: ^4.2.2
192 silly fetch manifest punycode@^2.1.0
193 silly packumentCache full:https://registry.npmjs.org/punycode cache-miss
194 http fetch GET 200 https://registry.npmjs.org/punycode 2ms (cache hit)
195 silly packumentCache full:https://registry.npmjs.org/punycode set size:61302 disposed:false
196 silly placeDep ROOT assert-plus@1.0.0 OK for: http-signature@1.2.0 want: ^1.0.0
197 silly placeDep ROOT jsprim@1.4.2 OK for: http-signature@1.2.0 want: ^1.2.2
198 silly placeDep ROOT sshpk@1.18.0 OK for: http-signature@1.2.0 want: ^1.7.0
199 silly fetch manifest verror@1.10.0
200 silly packumentCache full:https://registry.npmjs.org/verror cache-miss
201 silly fetch manifest extsprintf@1.3.0
202 silly packumentCache full:https://registry.npmjs.org/extsprintf cache-miss
203 silly fetch manifest json-schema@0.4.0
204 silly packumentCache full:https://registry.npmjs.org/json-schema cache-miss
205 silly fetch manifest asn1@~0.2.3
206 silly packumentCache full:https://registry.npmjs.org/asn1 cache-miss
207 silly fetch manifest jsbn@~0.1.0
208 silly packumentCache full:https://registry.npmjs.org/jsbn cache-miss
209 silly fetch manifest getpass@^0.1.1
210 silly packumentCache full:https://registry.npmjs.org/getpass cache-miss
211 silly fetch manifest dashdash@^1.12.0
212 silly packumentCache full:https://registry.npmjs.org/dashdash cache-miss
213 silly fetch manifest ecc-jsbn@~0.1.1
214 silly packumentCache full:https://registry.npmjs.org/ecc-jsbn cache-miss
215 silly fetch manifest tweetnacl@~0.14.0
216 silly packumentCache full:https://registry.npmjs.org/tweetnacl cache-miss
217 silly fetch manifest bcrypt-pbkdf@^1.0.0
218 silly packumentCache full:https://registry.npmjs.org/bcrypt-pbkdf cache-miss
219 silly fetch manifest safer-buffer@^2.0.2
220 silly packumentCache full:https://registry.npmjs.org/safer-buffer cache-miss
221 http fetch GET 200 https://registry.npmjs.org/jsbn 30ms (cache miss)
222 silly packumentCache full:https://registry.npmjs.org/jsbn set size:undefined disposed:false
223 http fetch GET 200 https://registry.npmjs.org/bcrypt-pbkdf 29ms (cache miss)
224 silly packumentCache full:https://registry.npmjs.org/bcrypt-pbkdf set size:undefined disposed:false
225 http fetch GET 200 https://registry.npmjs.org/asn1 42ms (cache miss)
226 silly packumentCache full:https://registry.npmjs.org/asn1 set size:undefined disposed:false
227 http fetch GET 200 https://registry.npmjs.org/ecc-jsbn 44ms (cache miss)
228 silly packumentCache full:https://registry.npmjs.org/ecc-jsbn set size:undefined disposed:false
229 http fetch GET 200 https://registry.npmjs.org/json-schema 47ms (cache miss)
230 silly packumentCache full:https://registry.npmjs.org/json-schema set size:undefined disposed:false
231 http fetch GET 200 https://registry.npmjs.org/dashdash 45ms (cache miss)
232 silly packumentCache full:https://registry.npmjs.org/dashdash set size:undefined disposed:false
233 http fetch GET 200 https://registry.npmjs.org/extsprintf 48ms (cache miss)
234 silly packumentCache full:https://registry.npmjs.org/extsprintf set size:undefined disposed:false
235 http fetch GET 200 https://registry.npmjs.org/verror 49ms (cache miss)
236 silly packumentCache full:https://registry.npmjs.org/verror set size:undefined disposed:false
237 http fetch GET 200 https://registry.npmjs.org/getpass 48ms (cache miss)
238 silly packumentCache full:https://registry.npmjs.org/getpass set size:undefined disposed:false
239 http fetch GET 200 https://registry.npmjs.org/tweetnacl 48ms (cache miss)
240 silly packumentCache full:https://registry.npmjs.org/tweetnacl set size:undefined disposed:false
241 http fetch GET 200 https://registry.npmjs.org/safer-buffer 48ms (cache miss)
242 silly packumentCache full:https://registry.npmjs.org/safer-buffer set size:undefined disposed:false
243 silly placeDep ROOT extsprintf@1.3.0 OK for: jsprim@1.4.2 want: 1.3.0
244 silly placeDep ROOT json-schema@0.4.0 OK for: jsprim@1.4.2 want: 0.4.0
245 silly placeDep ROOT verror@1.10.0 OK for: jsprim@1.4.2 want: 1.10.0
246 silly fetch manifest core-util-is@1.0.2
247 silly packumentCache full:https://registry.npmjs.org/core-util-is cache-miss
248 http fetch GET 200 https://registry.npmjs.org/core-util-is 30ms (cache miss)
249 silly packumentCache full:https://registry.npmjs.org/core-util-is set size:undefined disposed:false
250 silly placeDep ROOT mime-db@1.52.0 OK for: mime-types@2.1.35 want: 1.52.0
251 silly placeDep ROOT asn1@0.2.6 OK for: sshpk@1.18.0 want: ~0.2.3
252 silly placeDep ROOT bcrypt-pbkdf@1.0.2 OK for: sshpk@1.18.0 want: ^1.0.0
253 silly placeDep ROOT dashdash@1.14.1 OK for: sshpk@1.18.0 want: ^1.12.0
254 silly placeDep ROOT ecc-jsbn@0.1.2 OK for: sshpk@1.18.0 want: ~0.1.1
255 silly placeDep ROOT getpass@0.1.7 OK for: sshpk@1.18.0 want: ^0.1.1
256 silly placeDep ROOT jsbn@0.1.1 OK for: sshpk@1.18.0 want: ~0.1.0
257 silly placeDep ROOT safer-buffer@2.1.2 OK for: sshpk@1.18.0 want: ^2.0.2
258 silly placeDep ROOT tweetnacl@0.14.5 OK for: sshpk@1.18.0 want: ~0.14.0
259 silly fetch manifest safer-buffer@~2.1.0
260 silly packumentCache full:https://registry.npmjs.org/safer-buffer cache-miss
261 silly fetch manifest tweetnacl@^0.14.3
262 silly packumentCache full:https://registry.npmjs.org/tweetnacl cache-miss
263 silly fetch manifest safer-buffer@^2.1.0
264 silly packumentCache full:https://registry.npmjs.org/safer-buffer cache-miss
265 http fetch GET 200 https://registry.npmjs.org/safer-buffer 4ms (cache hit)
266 silly packumentCache full:https://registry.npmjs.org/safer-buffer set size:18521 disposed:false
267 http fetch GET 200 https://registry.npmjs.org/tweetnacl 4ms (cache hit)
268 silly packumentCache full:https://registry.npmjs.org/tweetnacl set size:79790 disposed:false
269 http fetch GET 200 https://registry.npmjs.org/safer-buffer 6ms (cache hit)
270 silly packumentCache full:https://registry.npmjs.org/safer-buffer set size:18521 disposed:false
271 silly packumentCache full:https://registry.npmjs.org/safer-buffer dispose
272 silly placeDep ROOT psl@1.15.0 OK for: tough-cookie@2.5.0 want: ^1.1.28
273 silly placeDep ROOT punycode@2.3.1 OK for: tough-cookie@2.5.0 want: ^2.1.1
274 silly fetch manifest punycode@^2.3.1
275 silly packumentCache full:https://registry.npmjs.org/punycode cache-hit
276 silly placeDep ROOT core-util-is@1.0.2 OK for: verror@1.10.0 want: 1.0.2
277 silly reify moves {}
278 silly tarball no local data for psl@https://registry.npmjs.org/psl/-/psl-1.15.0.tgz. Extracting by manifest.
279 silly tarball no local data for tweetnacl@https://registry.npmjs.org/tweetnacl/-/tweetnacl-0.14.5.tgz. Extracting by manifest.
280 silly tarball no local data for jsbn@https://registry.npmjs.org/jsbn/-/jsbn-0.1.1.tgz. Extracting by manifest.
281 silly tarball no local data for ecc-jsbn@https://registry.npmjs.org/ecc-jsbn/-/ecc-jsbn-0.1.2.tgz. Extracting by manifest.
282 silly tarball no local data for asn1@https://registry.npmjs.org/asn1/-/asn1-0.2.6.tgz. Extracting by manifest.
283 silly tarball no local data for mime-db@https://registry.npmjs.org/mime-db/-/mime-db-1.52.0.tgz. Extracting by manifest.
284 silly tarball no local data for safer-buffer@https://registry.npmjs.org/safer-buffer/-/safer-buffer-2.1.2.tgz. Extracting by manifest.
285 silly tarball no local data for verror@https://registry.npmjs.org/verror/-/verror-1.10.0.tgz. Extracting by manifest.
286 silly tarball no local data for extsprintf@https://registry.npmjs.org/extsprintf/-/extsprintf-1.3.0.tgz. Extracting by manifest.
287 silly tarball no local data for dashdash@https://registry.npmjs.org/dashdash/-/dashdash-1.14.1.tgz. Extracting by manifest.
288 silly tarball no local data for sshpk@https://registry.npmjs.org/sshpk/-/sshpk-1.18.0.tgz. Extracting by manifest.
289 silly tarball no local data for uri-js@https://registry.npmjs.org/uri-js/-/uri-js-4.4.1.tgz. Extracting by manifest.
290 silly tarball no local data for jsprim@https://registry.npmjs.org/jsprim/-/jsprim-1.4.2.tgz. Extracting by manifest.
291 silly tarball no local data for bcrypt-pbkdf@https://registry.npmjs.org/bcrypt-pbkdf/-/bcrypt-pbkdf-1.0.2.tgz. Extracting by manifest.
292 silly tarball no local data for har-schema@https://registry.npmjs.org/har-schema/-/har-schema-2.0.0.tgz. Extracting by manifest.
293 silly tarball no local data for json-schema-traverse@https://registry.npmjs.org/json-schema-traverse/-/json-schema-traverse-0.4.1.tgz. Extracting by manifest.
294 silly tarball no local data for asynckit@https://registry.npmjs.org/asynckit/-/asynckit-0.4.0.tgz. Extracting by manifest.
295 silly tarball no local data for fast-deep-equal@https://registry.npmjs.org/fast-deep-equal/-/fast-deep-equal-3.1.3.tgz. Extracting by manifest.
296 silly tarball no local data for ajv@https://registry.npmjs.org/ajv/-/ajv-6.12.6.tgz. Extracting by manifest.
297 silly tarball no local data for json-schema@https://registry.npmjs.org/json-schema/-/json-schema-0.4.0.tgz. Extracting by manifest.
298 silly tarball no local data for uuid@https://registry.npmjs.org/uuid/-/uuid-3.4.0.tgz. Extracting by manifest.
299 silly tarball no local data for tunnel-agent@https://registry.npmjs.org/tunnel-agent/-/tunnel-agent-0.6.0.tgz. Extracting by manifest.
300 silly tarball no local data for tough-cookie@https://registry.npmjs.org/tough-cookie/-/tough-cookie-2.5.0.tgz. Extracting by manifest.
301 silly tarball no local data for assert-plus@https://registry.npmjs.org/assert-plus/-/assert-plus-1.0.0.tgz. Extracting by manifest.
302 silly tarball no local data for safe-buffer@https://registry.npmjs.org/safe-buffer/-/safe-buffer-5.2.1.tgz. Extracting by manifest.
303 silly tarball no local data for qs@https://registry.npmjs.org/qs/-/qs-6.5.3.tgz. Extracting by manifest.
304 silly tarball no local data for fast-json-stable-stringify@https://registry.npmjs.org/fast-json-stable-stringify/-/fast-json-stable-stringify-2.1.0.tgz. Extracting by manifest.
305 silly tarball no local data for delayed-stream@https://registry.npmjs.org/delayed-stream/-/delayed-stream-1.0.0.tgz. Extracting by manifest.
306 silly tarball no local data for json-stringify-safe@https://registry.npmjs.org/json-stringify-safe/-/json-stringify-safe-5.0.1.tgz. Extracting by manifest.
307 silly tarball no local data for isstream@https://registry.npmjs.org/isstream/-/isstream-0.1.2.tgz. Extracting by manifest.
308 silly tarball no local data for mime-types@https://registry.npmjs.org/mime-types/-/mime-types-2.1.35.tgz. Extracting by manifest.
309 silly tarball no local data for oauth-sign@https://registry.npmjs.org/oauth-sign/-/oauth-sign-0.9.0.tgz. Extracting by manifest.
310 silly tarball no local data for http-signature@https://registry.npmjs.org/http-signature/-/http-signature-1.2.0.tgz. Extracting by manifest.
311 silly tarball no local data for performance-now@https://registry.npmjs.org/performance-now/-/performance-now-2.1.0.tgz. Extracting by manifest.
312 silly tarball no local data for har-validator@https://registry.npmjs.org/har-validator/-/har-validator-5.1.5.tgz. Extracting by manifest.
313 silly tarball no local data for form-data@https://registry.npmjs.org/form-data/-/form-data-2.3.3.tgz. Extracting by manifest.
314 silly tarball no local data for forever-agent@https://registry.npmjs.org/forever-agent/-/forever-agent-0.6.1.tgz. Extracting by manifest.
315 silly tarball no local data for is-typedarray@https://registry.npmjs.org/is-typedarray/-/is-typedarray-1.0.0.tgz. Extracting by manifest.
316 silly tarball no local data for aws4@https://registry.npmjs.org/aws4/-/aws4-1.13.2.tgz. Extracting by manifest.
317 silly tarball no local data for caseless@https://registry.npmjs.org/caseless/-/caseless-0.12.0.tgz. Extracting by manifest.
318 silly tarball no local data for aws-sign2@https://registry.npmjs.org/aws-sign2/-/aws-sign2-0.7.0.tgz. Extracting by manifest.
319 silly tarball no local data for extend@https://registry.npmjs.org/extend/-/extend-3.0.2.tgz. Extracting by manifest.
320 silly tarball no local data for punycode@https://registry.npmjs.org/punycode/-/punycode-2.3.1.tgz. Extracting by manifest.
321 silly tarball no local data for core-util-is@https://registry.npmjs.org/core-util-is/-/core-util-is-1.0.2.tgz. Extracting by manifest.
322 silly tarball no local data for getpass@https://registry.npmjs.org/getpass/-/getpass-0.1.7.tgz. Extracting by manifest.
323 silly tarball no local data for combined-stream@https://registry.npmjs.org/combined-stream/-/combined-stream-1.0.8.tgz. Extracting by manifest.
324 silly tarball no local data for node-red-node-openweathermap@https://registry.npmjs.org/node-red-node-openweathermap/-/node-red-node-openweathermap-1.0.1.tgz. Extracting by manifest.
325 silly tarball no local data for request@https://registry.npmjs.org/request/-/request-2.88.2.tgz. Extracting by manifest.
326 http fetch GET 200 https://registry.npmjs.org/jsbn/-/jsbn-0.1.1.tgz 82ms (cache miss)
327 http fetch GET 200 https://registry.npmjs.org/asn1/-/asn1-0.2.6.tgz 86ms (cache miss)
328 http fetch GET 200 https://registry.npmjs.org/ecc-jsbn/-/ecc-jsbn-0.1.2.tgz 98ms (cache miss)
329 http fetch GET 200 https://registry.npmjs.org/extsprintf/-/extsprintf-1.3.0.tgz 97ms (cache miss)
330 http fetch GET 200 https://registry.npmjs.org/json-schema-traverse/-/json-schema-traverse-0.4.1.tgz 117ms (cache miss)
331 http fetch GET 200 https://registry.npmjs.org/jsprim/-/jsprim-1.4.2.tgz 125ms (cache miss)
332 http fetch GET 200 https://registry.npmjs.org/verror/-/verror-1.10.0.tgz 128ms (cache miss)
333 http fetch GET 200 https://registry.npmjs.org/safer-buffer/-/safer-buffer-2.1.2.tgz 134ms (cache miss)
334 http fetch GET 200 https://registry.npmjs.org/asynckit/-/asynckit-0.4.0.tgz 136ms (cache miss)
335 http fetch GET 200 https://registry.npmjs.org/dashdash/-/dashdash-1.14.1.tgz 141ms (cache miss)
336 http fetch GET 200 https://registry.npmjs.org/fast-deep-equal/-/fast-deep-equal-3.1.3.tgz 144ms (cache miss)
337 http fetch GET 200 https://registry.npmjs.org/tunnel-agent/-/tunnel-agent-0.6.0.tgz 146ms (cache miss)
338 http fetch GET 200 https://registry.npmjs.org/tough-cookie/-/tough-cookie-2.5.0.tgz 155ms (cache miss)
339 http fetch GET 200 https://registry.npmjs.org/json-stringify-safe/-/json-stringify-safe-5.0.1.tgz 155ms (cache miss)
340 http fetch GET 200 https://registry.npmjs.org/mime-db/-/mime-db-1.52.0.tgz 164ms (cache miss)
341 http fetch GET 200 https://registry.npmjs.org/json-schema/-/json-schema-0.4.0.tgz 165ms (cache miss)
342 http fetch GET 200 https://registry.npmjs.org/assert-plus/-/assert-plus-1.0.0.tgz 165ms (cache miss)
343 http fetch GET 200 https://registry.npmjs.org/delayed-stream/-/delayed-stream-1.0.0.tgz 164ms (cache miss)
344 http fetch GET 200 https://registry.npmjs.org/har-validator/-/har-validator-5.1.5.tgz 167ms (cache miss)
345 warn deprecated har-validator@5.1.5: this library is no longer supported
346 http fetch GET 200 https://registry.npmjs.org/safe-buffer/-/safe-buffer-5.2.1.tgz 169ms (cache miss)
347 http fetch GET 200 https://registry.npmjs.org/tweetnacl/-/tweetnacl-0.14.5.tgz 177ms (cache miss)
348 http fetch GET 200 https://registry.npmjs.org/fast-json-stable-stringify/-/fast-json-stable-stringify-2.1.0.tgz 171ms (cache miss)
349 http fetch GET 200 https://registry.npmjs.org/oauth-sign/-/oauth-sign-0.9.0.tgz 171ms (cache miss)
350 http fetch GET 200 https://registry.npmjs.org/uuid/-/uuid-3.4.0.tgz 174ms (cache miss)
351 http fetch GET 200 https://registry.npmjs.org/mime-types/-/mime-types-2.1.35.tgz 172ms (cache miss)
352 http fetch GET 200 https://registry.npmjs.org/isstream/-/isstream-0.1.2.tgz 173ms (cache miss)
353 http fetch GET 200 https://registry.npmjs.org/core-util-is/-/core-util-is-1.0.2.tgz 173ms (cache miss)
354 http fetch GET 200 https://registry.npmjs.org/forever-agent/-/forever-agent-0.6.1.tgz 175ms (cache miss)
355 warn deprecated uuid@3.4.0: Please upgrade  to version 7 or higher.  Older versions may use Math.random() in certain circumstances, which is known to be problematic.  See https://v8.dev/blog/math-random for details.
356 http fetch GET 200 https://registry.npmjs.org/har-schema/-/har-schema-2.0.0.tgz 183ms (cache miss)
357 http fetch GET 200 https://registry.npmjs.org/http-signature/-/http-signature-1.2.0.tgz 178ms (cache miss)
358 http fetch GET 200 https://registry.npmjs.org/is-typedarray/-/is-typedarray-1.0.0.tgz 179ms (cache miss)
359 http fetch GET 200 https://registry.npmjs.org/caseless/-/caseless-0.12.0.tgz 180ms (cache miss)
360 http fetch GET 200 https://registry.npmjs.org/form-data/-/form-data-2.3.3.tgz 181ms (cache miss)
361 http fetch GET 200 https://registry.npmjs.org/punycode/-/punycode-2.3.1.tgz 179ms (cache miss)
362 http fetch GET 200 https://registry.npmjs.org/combined-stream/-/combined-stream-1.0.8.tgz 179ms (cache miss)
363 http fetch GET 200 https://registry.npmjs.org/aws4/-/aws4-1.13.2.tgz 182ms (cache miss)
364 http fetch GET 200 https://registry.npmjs.org/performance-now/-/performance-now-2.1.0.tgz 184ms (cache miss)
365 http fetch GET 200 https://registry.npmjs.org/aws-sign2/-/aws-sign2-0.7.0.tgz 183ms (cache miss)
366 http fetch GET 200 https://registry.npmjs.org/getpass/-/getpass-0.1.7.tgz 182ms (cache miss)
367 http fetch GET 200 https://registry.npmjs.org/extend/-/extend-3.0.2.tgz 183ms (cache miss)
368 http fetch GET 200 https://registry.npmjs.org/bcrypt-pbkdf/-/bcrypt-pbkdf-1.0.2.tgz 191ms (cache miss)
369 http fetch GET 200 https://registry.npmjs.org/node-red-node-openweathermap/-/node-red-node-openweathermap-1.0.1.tgz 184ms (cache miss)
370 http fetch GET 200 https://registry.npmjs.org/qs/-/qs-6.5.3.tgz 197ms (cache miss)
371 http fetch GET 200 https://registry.npmjs.org/request/-/request-2.88.2.tgz 194ms (cache miss)
372 warn deprecated request@2.88.2: request has been deprecated, see https://github.com/request/request/issues/3142
373 http fetch GET 200 https://registry.npmjs.org/sshpk/-/sshpk-1.18.0.tgz 215ms (cache miss)
374 http fetch GET 200 https://registry.npmjs.org/psl/-/psl-1.15.0.tgz 219ms (cache miss)
375 http fetch GET 200 https://registry.npmjs.org/uri-js/-/uri-js-4.4.1.tgz 219ms (cache miss)
376 http fetch GET 200 https://registry.npmjs.org/ajv/-/ajv-6.12.6.tgz 233ms (cache miss)
377 silly ADD node_modules/core-util-is
378 silly ADD node_modules/punycode
379 silly ADD node_modules/psl
380 silly ADD node_modules/tweetnacl
381 silly ADD node_modules/safer-buffer
382 silly ADD node_modules/jsbn
383 silly ADD node_modules/getpass
384 silly ADD node_modules/ecc-jsbn
385 silly ADD node_modules/dashdash
386 silly ADD node_modules/bcrypt-pbkdf
387 silly ADD node_modules/asn1
388 silly ADD node_modules/mime-db
389 silly ADD node_modules/verror
390 silly ADD node_modules/json-schema
391 silly ADD node_modules/extsprintf
392 silly ADD node_modules/sshpk
393 silly ADD node_modules/jsprim
394 silly ADD node_modules/assert-plus
395 silly ADD node_modules/uri-js
396 silly ADD node_modules/json-schema-traverse
397 silly ADD node_modules/fast-json-stable-stringify
398 silly ADD node_modules/fast-deep-equal
399 silly ADD node_modules/har-schema
400 silly ADD node_modules/ajv
401 silly ADD node_modules/asynckit
402 silly ADD node_modules/delayed-stream
403 silly ADD node_modules/uuid
404 silly ADD node_modules/tunnel-agent
405 silly ADD node_modules/tough-cookie
406 silly ADD node_modules/safe-buffer
407 silly ADD node_modules/qs
408 silly ADD node_modules/performance-now
409 silly ADD node_modules/oauth-sign
410 silly ADD node_modules/mime-types
411 silly ADD node_modules/json-stringify-safe
412 silly ADD node_modules/isstream
413 silly ADD node_modules/is-typedarray
414 silly ADD node_modules/http-signature
415 silly ADD node_modules/har-validator
416 silly ADD node_modules/form-data
417 silly ADD node_modules/forever-agent
418 silly ADD node_modules/extend
419 silly ADD node_modules/combined-stream
420 silly ADD node_modules/caseless
421 silly ADD node_modules/aws4
422 silly ADD node_modules/aws-sign2
423 silly ADD node_modules/request
424 silly ADD node_modules/node-red-node-openweathermap
425 verbose cwd /data
426 verbose os Linux 6.11.11-linuxkit
427 verbose node v20.19.5
428 verbose npm  v10.8.2
429 verbose exit 0
430 info ok
