0 verbose cli /usr/local/bin/node /usr/local/bin/npm
1 info using npm@10.8.2
2 info using node@v20.19.5
3 silly config load:file:/usr/local/lib/node_modules/npm/npmrc
4 silly config load:file:/data/.npmrc
5 silly config load:file:/usr/src/node-red/.npmrc
6 silly config load:file:/usr/local/etc/npmrc
7 verbose title npm install node-red-contrib-rhea@0.0.2
8 verbose argv "install" "--no-audit" "--no-update-notifier" "--no-fund" "--save" "--save-prefix" "~" "--omit" "dev" "--engine-strict" "node-red-contrib-rhea@0.0.2"
9 verbose logfile logs-max:10 dir:/data/.npm/_logs/2026-01-10T18_13_37_433Z-
10 verbose logfile /data/.npm/_logs/2026-01-10T18_13_37_433Z-debug-0.log
11 silly packumentCache heap:2197815296 maxSize:549453824 maxEntrySize:274726912
12 silly logfile done cleaning log files
13 silly idealTree buildDeps
14 silly fetch manifest node-red-contrib-rhea@0.0.2
15 silly packumentCache full:https://registry.npmjs.org/node-red-contrib-rhea cache-miss
16 http fetch GET 200 https://registry.npmjs.org/node-red-contrib-rhea 413ms (cache miss)
17 silly packumentCache full:https://registry.npmjs.org/node-red-contrib-rhea set size:undefined disposed:false
18 silly placeDep ROOT node-red-contrib-rhea@0.0.2 OK for: node-red-project@0.0.1 want: 0.0.2
19 silly fetch manifest rhea@^0.2.2
20 silly packumentCache full:https://registry.npmjs.org/rhea cache-miss
21 http fetch GET 200 https://registry.npmjs.org/rhea 447ms (cache miss)
22 silly packumentCache full:https://registry.npmjs.org/rhea set size:undefined disposed:false
23 silly placeDep ROOT rhea@0.2.20 OK for: node-red-contrib-rhea@0.0.2 want: ^0.2.2
24 silly fetch manifest debug@>=0.8.0
25 silly packumentCache full:https://registry.npmjs.org/debug cache-miss
26 http fetch GET 200 https://registry.npmjs.org/debug 55ms (cache miss)
27 silly packumentCache full:https://registry.npmjs.org/debug set size:undefined disposed:false
28 silly placeDep ROOT debug@4.4.3 OK for: rhea@0.2.20 want: >=0.8.0
29 silly fetch manifest ms@^2.1.3
30 silly packumentCache full:https://registry.npmjs.org/ms cache-miss
31 http fetch GET 200 https://registry.npmjs.org/ms 62ms (cache miss)
32 silly packumentCache full:https://registry.npmjs.org/ms set size:undefined disposed:false
33 silly placeDep ROOT ms@2.1.3 OK for: debug@4.4.3 want: ^2.1.3
34 silly reify moves {}
35 silly tarball no local data for ms@https://registry.npmjs.org/ms/-/ms-2.1.3.tgz. Extracting by manifest.
36 silly tarball no local data for debug@https://registry.npmjs.org/debug/-/debug-4.4.3.tgz. Extracting by manifest.
37 silly tarball no local data for node-red-contrib-rhea@https://registry.npmjs.org/node-red-contrib-rhea/-/node-red-contrib-rhea-0.0.2.tgz. Extracting by manifest.
38 silly tarball no local data for rhea@https://registry.npmjs.org/rhea/-/rhea-0.2.20.tgz. Extracting by manifest.
39 http fetch GET 200 https://registry.npmjs.org/ms/-/ms-2.1.3.tgz 55ms (cache miss)
40 http fetch GET 200 https://registry.npmjs.org/debug/-/debug-4.4.3.tgz 140ms (cache miss)
41 http fetch GET 200 https://registry.npmjs.org/rhea/-/rhea-0.2.20.tgz 170ms (cache miss)
42 http fetch GET 200 https://registry.npmjs.org/node-red-contrib-rhea/-/node-red-contrib-rhea-0.0.2.tgz 1205ms (cache miss)
43 silly ADD node_modules/ms
44 silly ADD node_modules/debug
45 silly ADD node_modules/rhea
46 silly ADD node_modules/node-red-contrib-rhea
47 verbose cwd /data
48 verbose os Linux 6.12.54-linuxkit
49 verbose node v20.19.5
50 verbose npm  v10.8.2
51 verbose exit 0
52 info ok
